This is pdfTeX, Version 3.141592653-2.6-1.40.27 (TeX Live 2025) (preloaded format=pdflatex 2025.5.17)  14 JAN 2026 19:15
entering extended mode
 restricted \write18 enabled.
 %&-line parsing enabled.
**"presentazione MA.tex"
(./presentazione MA.tex
LaTeX2e <2024-11-01> patch level 2
L3 programming layer <2025-04-29>

(d:/Programmi e Applicazioni/texlive/2025/texmf-dist/tex/latex/beamer/beamer.cl
s
Document Class: beamer 2025/02/04 v3.72 A class for typesetting presentations

(d:/Programmi e Applicazioni/texlive/2025/texmf-dist/tex/latex/beamer/beamerbas
emodes.sty
(d:/Programmi e Applicazioni/texlive/2025/texmf-dist/tex/latex/etoolbox/etoolbo
x.sty
Package: etoolbox 2025/02/11 v2.5l e-TeX tools for LaTeX (JAW)
\etb@tempcnta=\count272
)
\beamer@tempbox=\box53
\beamer@tempcount=\count273
\c@beamerpauses=\count274

(d:/Programmi e Applicazioni/texlive/2025/texmf-dist/tex/latex/beamer/beamerbas
edecode.sty
\beamer@slideinframe=\count275
\beamer@minimum=\count276
\beamer@decode@box=\box54
)
\beamer@commentbox=\box55
\beamer@modecount=\count277
)
(d:/Programmi e Applicazioni/texlive/2025/texmf-dist/tex/generic/iftex/iftex.st
y
Package: iftex 2024/12/12 v1.0g TeX engine tests
)
\headdp=\dimen146
\footheight=\dimen147
\sidebarheight=\dimen148
\beamer@tempdim=\dimen149
\beamer@finalheight=\dimen150
\beamer@animht=\dimen151
\beamer@animdp=\dimen152
\beamer@animwd=\dimen153
\beamer@leftmargin=\dimen154
\beamer@rightmargin=\dimen155
\beamer@leftsidebar=\dimen156
\beamer@rightsidebar=\dimen157
\beamer@boxsize=\dimen158
\beamer@vboxoffset=\dimen159
\beamer@descdefault=\dimen160
\beamer@descriptionwidth=\dimen161
\beamer@lastskip=\skip49
\beamer@areabox=\box56
\beamer@animcurrent=\box57
\beamer@animshowbox=\box58
\beamer@sectionbox=\box59
\beamer@logobox=\box60
\beamer@linebox=\box61
\beamer@sectioncount=\count278
\beamer@subsubsectionmax=\count279
\beamer@subsectionmax=\count280
\beamer@sectionmax=\count281
\beamer@totalheads=\count282
\beamer@headcounter=\count283
\beamer@partstartpage=\count284
\beamer@sectionstartpage=\count285
\beamer@subsectionstartpage=\count286
\beamer@animationtempa=\count287
\beamer@animationtempb=\count288
\beamer@xpos=\count289
\beamer@ypos=\count290
\beamer@ypos@offset=\count291
\beamer@showpartnumber=\count292
\beamer@currentsubsection=\count293
\beamer@coveringdepth=\count294
\beamer@sectionadjust=\count295
\beamer@toclastsection=\count296
\beamer@tocsectionnumber=\count297

(d:/Programmi e Applicazioni/texlive/2025/texmf-dist/tex/latex/beamer/beamerbas
eoptions.sty
(d:/Programmi e Applicazioni/texlive/2025/texmf-dist/tex/latex/graphics/keyval.
sty
Package: keyval 2022/05/29 v1.15 key=value parser (DPC)
\KV@toks@=\toks17
))
\beamer@paperwidth=\skip50
\beamer@paperheight=\skip51

(d:/Programmi e Applicazioni/texlive/2025/texmf-dist/tex/latex/geometry/geometr
y.sty
Package: geometry 2020/01/02 v5.9 Page Geometry

(d:/Programmi e Applicazioni/texlive/2025/texmf-dist/tex/generic/iftex/ifvtex.s
ty
Package: ifvtex 2019/10/25 v1.7 ifvtex legacy package. Use iftex instead.
)
\Gm@cnth=\count298
\Gm@cntv=\count299
\c@Gm@tempcnt=\count300
\Gm@bindingoffset=\dimen162
\Gm@wd@mp=\dimen163
\Gm@odd@mp=\dimen164
\Gm@even@mp=\dimen165
\Gm@layoutwidth=\dimen166
\Gm@layoutheight=\dimen167
\Gm@layouthoffset=\dimen168
\Gm@layoutvoffset=\dimen169
\Gm@dimlist=\toks18
)
(d:/Programmi e Applicazioni/texlive/2025/texmf-dist/tex/latex/pgf/math/pgfmath
.sty
(d:/Programmi e Applicazioni/texlive/2025/texmf-dist/tex/latex/pgf/utilities/pg
frcs.sty
(d:/Programmi e Applicazioni/texlive/2025/texmf-dist/tex/generic/pgf/utilities/
pgfutil-common.tex
\pgfutil@everybye=\toks19
\pgfutil@tempdima=\dimen170
\pgfutil@tempdimb=\dimen171
)
(d:/Programmi e Applicazioni/texlive/2025/texmf-dist/tex/generic/pgf/utilities/
pgfutil-latex.def
\pgfutil@abb=\box62
)
(d:/Programmi e Applicazioni/texlive/2025/texmf-dist/tex/generic/pgf/utilities/
pgfrcs.code.tex
(d:/Programmi e Applicazioni/texlive/2025/texmf-dist/tex/generic/pgf/pgf.revisi
on.tex)
Package: pgfrcs 2023-01-15 v3.1.10 (3.1.10)
))
(d:/Programmi e Applicazioni/texlive/2025/texmf-dist/tex/latex/pgf/utilities/pg
fkeys.sty
(d:/Programmi e Applicazioni/texlive/2025/texmf-dist/tex/generic/pgf/utilities/
pgfkeys.code.tex
\pgfkeys@pathtoks=\toks20
\pgfkeys@temptoks=\toks21

(d:/Programmi e Applicazioni/texlive/2025/texmf-dist/tex/generic/pgf/utilities/
pgfkeyslibraryfiltered.code.tex
\pgfkeys@tmptoks=\toks22
)))
(d:/Programmi e Applicazioni/texlive/2025/texmf-dist/tex/generic/pgf/math/pgfma
th.code.tex
(d:/Programmi e Applicazioni/texlive/2025/texmf-dist/tex/generic/pgf/math/pgfma
thutil.code.tex
\pgf@x=\dimen172
\pgf@xa=\dimen173
\pgf@xb=\dimen174
\pgf@xc=\dimen175
\pgf@y=\dimen176
\pgf@ya=\dimen177
\pgf@yb=\dimen178
\pgf@yc=\dimen179
\c@pgf@counta=\count301
\c@pgf@countb=\count302
\c@pgf@countc=\count303
\c@pgf@countd=\count304
)
(d:/Programmi e Applicazioni/texlive/2025/texmf-dist/tex/generic/pgf/math/pgfma
thparser.code.tex
\pgfmath@dimen=\dimen180
\pgfmath@count=\count305
\pgfmath@box=\box63
\pgfmath@toks=\toks23
\pgfmath@stack@operand=\toks24
\pgfmath@stack@operation=\toks25
)
(d:/Programmi e Applicazioni/texlive/2025/texmf-dist/tex/generic/pgf/math/pgfma
thfunctions.code.tex)
(d:/Programmi e Applicazioni/texlive/2025/texmf-dist/tex/generic/pgf/math/pgfma
thfunctions.basic.code.tex)
(d:/Programmi e Applicazioni/texlive/2025/texmf-dist/tex/generic/pgf/math/pgfma
thfunctions.trigonometric.code.tex)
(d:/Programmi e Applicazioni/texlive/2025/texmf-dist/tex/generic/pgf/math/pgfma
thfunctions.random.code.tex)
(d:/Programmi e Applicazioni/texlive/2025/texmf-dist/tex/generic/pgf/math/pgfma
thfunctions.comparison.code.tex)
(d:/Programmi e Applicazioni/texlive/2025/texmf-dist/tex/generic/pgf/math/pgfma
thfunctions.base.code.tex)
(d:/Programmi e Applicazioni/texlive/2025/texmf-dist/tex/generic/pgf/math/pgfma
thfunctions.round.code.tex)
(d:/Programmi e Applicazioni/texlive/2025/texmf-dist/tex/generic/pgf/math/pgfma
thfunctions.misc.code.tex)
(d:/Programmi e Applicazioni/texlive/2025/texmf-dist/tex/generic/pgf/math/pgfma
thfunctions.integerarithmetics.code.tex)
(d:/Programmi e Applicazioni/texlive/2025/texmf-dist/tex/generic/pgf/math/pgfma
thcalc.code.tex)
(d:/Programmi e Applicazioni/texlive/2025/texmf-dist/tex/generic/pgf/math/pgfma
thfloat.code.tex
\c@pgfmathroundto@lastzeros=\count306
)))
(d:/Programmi e Applicazioni/texlive/2025/texmf-dist/tex/latex/base/size10.clo
File: size10.clo 2024/06/29 v1.4n Standard LaTeX file (size option)
)
(d:/Programmi e Applicazioni/texlive/2025/texmf-dist/tex/latex/pgf/basiclayer/p
gfcore.sty
(d:/Programmi e Applicazioni/texlive/2025/texmf-dist/tex/latex/graphics/graphic
x.sty
Package: graphicx 2021/09/16 v1.2d Enhanced LaTeX Graphics (DPC,SPQR)

(d:/Programmi e Applicazioni/texlive/2025/texmf-dist/tex/latex/graphics/graphic
s.sty
Package: graphics 2024/08/06 v1.4g Standard LaTeX Graphics (DPC,SPQR)

(d:/Programmi e Applicazioni/texlive/2025/texmf-dist/tex/latex/graphics/trig.st
y
Package: trig 2023/12/02 v1.11 sin cos tan (DPC)
)
(d:/Programmi e Applicazioni/texlive/2025/texmf-dist/tex/latex/graphics-cfg/gra
phics.cfg
File: graphics.cfg 2016/06/04 v1.11 sample graphics configuration
)
Package graphics Info: Driver file: pdftex.def on input line 106.

(d:/Programmi e Applicazioni/texlive/2025/texmf-dist/tex/latex/graphics-def/pdf
tex.def
File: pdftex.def 2024/04/13 v1.2c Graphics/color driver for pdftex
))
\Gin@req@height=\dimen181
\Gin@req@width=\dimen182
)
(d:/Programmi e Applicazioni/texlive/2025/texmf-dist/tex/latex/pgf/systemlayer/
pgfsys.sty
(d:/Programmi e Applicazioni/texlive/2025/texmf-dist/tex/generic/pgf/systemlaye
r/pgfsys.code.tex
Package: pgfsys 2023-01-15 v3.1.10 (3.1.10)
\pgf@x=\dimen183
\pgf@y=\dimen184
\pgf@xa=\dimen185
\pgf@ya=\dimen186
\pgf@xb=\dimen187
\pgf@yb=\dimen188
\pgf@xc=\dimen189
\pgf@yc=\dimen190
\pgf@xd=\dimen191
\pgf@yd=\dimen192
\w@pgf@writea=\write3
\r@pgf@reada=\read2
\c@pgf@counta=\count307
\c@pgf@countb=\count308
\c@pgf@countc=\count309
\c@pgf@countd=\count310
\t@pgf@toka=\toks26
\t@pgf@tokb=\toks27
\t@pgf@tokc=\toks28
\pgf@sys@id@count=\count311

(d:/Programmi e Applicazioni/texlive/2025/texmf-dist/tex/generic/pgf/systemlaye
r/pgf.cfg
File: pgf.cfg 2023-01-15 v3.1.10 (3.1.10)
)
Driver file for pgf: pgfsys-pdftex.def

(d:/Programmi e Applicazioni/texlive/2025/texmf-dist/tex/generic/pgf/systemlaye
r/pgfsys-pdftex.def
File: pgfsys-pdftex.def 2023-01-15 v3.1.10 (3.1.10)

(d:/Programmi e Applicazioni/texlive/2025/texmf-dist/tex/generic/pgf/systemlaye
r/pgfsys-common-pdf.def
File: pgfsys-common-pdf.def 2023-01-15 v3.1.10 (3.1.10)
)))
(d:/Programmi e Applicazioni/texlive/2025/texmf-dist/tex/generic/pgf/systemlaye
r/pgfsyssoftpath.code.tex
File: pgfsyssoftpath.code.tex 2023-01-15 v3.1.10 (3.1.10)
\pgfsyssoftpath@smallbuffer@items=\count312
\pgfsyssoftpath@bigbuffer@items=\count313
)
(d:/Programmi e Applicazioni/texlive/2025/texmf-dist/tex/generic/pgf/systemlaye
r/pgfsysprotocol.code.tex
File: pgfsysprotocol.code.tex 2023-01-15 v3.1.10 (3.1.10)
))
(d:/Programmi e Applicazioni/texlive/2025/texmf-dist/tex/latex/xcolor/xcolor.st
y
Package: xcolor 2024/09/29 v3.02 LaTeX color extensions (UK)

(d:/Programmi e Applicazioni/texlive/2025/texmf-dist/tex/latex/graphics-cfg/col
or.cfg
File: color.cfg 2016/01/02 v1.6 sample color configuration
)
Package xcolor Info: Driver file: pdftex.def on input line 274.

(d:/Programmi e Applicazioni/texlive/2025/texmf-dist/tex/latex/graphics/mathcol
or.ltx)
Package xcolor Info: Model `cmy' substituted by `cmy0' on input line 1349.
Package xcolor Info: Model `hsb' substituted by `rgb' on input line 1353.
Package xcolor Info: Model `RGB' extended on input line 1365.
Package xcolor Info: Model `HTML' substituted by `rgb' on input line 1367.
Package xcolor Info: Model `Hsb' substituted by `hsb' on input line 1368.
Package xcolor Info: Model `tHsb' substituted by `hsb' on input line 1369.
Package xcolor Info: Model `HSB' substituted by `hsb' on input line 1370.
Package xcolor Info: Model `Gray' substituted by `gray' on input line 1371.
Package xcolor Info: Model `wave' substituted by `hsb' on input line 1372.
)
(d:/Programmi e Applicazioni/texlive/2025/texmf-dist/tex/latex/colortbl/colortb
l.sty
Package: colortbl 2024/07/06 v1.0i Color table columns (DPC)

(d:/Programmi e Applicazioni/texlive/2025/texmf-dist/tex/latex/tools/array.sty
Package: array 2024/10/17 v2.6g Tabular extension package (FMi)
\col@sep=\dimen193
\ar@mcellbox=\box64
\extrarowheight=\dimen194
\NC@list=\toks29
\extratabsurround=\skip52
\backup@length=\skip53
\ar@cellbox=\box65
)
\everycr=\toks30
\minrowclearance=\skip54
\rownum=\count314
)
(d:/Programmi e Applicazioni/texlive/2025/texmf-dist/tex/latex/graphics/dvipsna
m.def
File: dvipsnam.def 2016/06/17 v3.0m Driver-dependent file (DPC,SPQR)
)
(d:/Programmi e Applicazioni/texlive/2025/texmf-dist/tex/generic/pgf/basiclayer
/pgfcore.code.tex
Package: pgfcore 2023-01-15 v3.1.10 (3.1.10)

(d:/Programmi e Applicazioni/texlive/2025/texmf-dist/tex/generic/pgf/math/pgfin
t.code.tex)
(d:/Programmi e Applicazioni/texlive/2025/texmf-dist/tex/generic/pgf/basiclayer
/pgfcorepoints.code.tex
File: pgfcorepoints.code.tex 2023-01-15 v3.1.10 (3.1.10)
\pgf@picminx=\dimen195
\pgf@picmaxx=\dimen196
\pgf@picminy=\dimen197
\pgf@picmaxy=\dimen198
\pgf@pathminx=\dimen199
\pgf@pathmaxx=\dimen256
\pgf@pathminy=\dimen257
\pgf@pathmaxy=\dimen258
\pgf@xx=\dimen259
\pgf@xy=\dimen260
\pgf@yx=\dimen261
\pgf@yy=\dimen262
\pgf@zx=\dimen263
\pgf@zy=\dimen264
)
(d:/Programmi e Applicazioni/texlive/2025/texmf-dist/tex/generic/pgf/basiclayer
/pgfcorepathconstruct.code.tex
File: pgfcorepathconstruct.code.tex 2023-01-15 v3.1.10 (3.1.10)
\pgf@path@lastx=\dimen265
\pgf@path@lasty=\dimen266
)
(d:/Programmi e Applicazioni/texlive/2025/texmf-dist/tex/generic/pgf/basiclayer
/pgfcorepathusage.code.tex
File: pgfcorepathusage.code.tex 2023-01-15 v3.1.10 (3.1.10)
\pgf@shorten@end@additional=\dimen267
\pgf@shorten@start@additional=\dimen268
)
(d:/Programmi e Applicazioni/texlive/2025/texmf-dist/tex/generic/pgf/basiclayer
/pgfcorescopes.code.tex
File: pgfcorescopes.code.tex 2023-01-15 v3.1.10 (3.1.10)
\pgfpic=\box66
\pgf@hbox=\box67
\pgf@layerbox@main=\box68
\pgf@picture@serial@count=\count315
)
(d:/Programmi e Applicazioni/texlive/2025/texmf-dist/tex/generic/pgf/basiclayer
/pgfcoregraphicstate.code.tex
File: pgfcoregraphicstate.code.tex 2023-01-15 v3.1.10 (3.1.10)
\pgflinewidth=\dimen269
)
(d:/Programmi e Applicazioni/texlive/2025/texmf-dist/tex/generic/pgf/basiclayer
/pgfcoretransformations.code.tex
File: pgfcoretransformations.code.tex 2023-01-15 v3.1.10 (3.1.10)
\pgf@pt@x=\dimen270
\pgf@pt@y=\dimen271
\pgf@pt@temp=\dimen272
)
(d:/Programmi e Applicazioni/texlive/2025/texmf-dist/tex/generic/pgf/basiclayer
/pgfcorequick.code.tex
File: pgfcorequick.code.tex 2023-01-15 v3.1.10 (3.1.10)
)
(d:/Programmi e Applicazioni/texlive/2025/texmf-dist/tex/generic/pgf/basiclayer
/pgfcoreobjects.code.tex
File: pgfcoreobjects.code.tex 2023-01-15 v3.1.10 (3.1.10)
)
(d:/Programmi e Applicazioni/texlive/2025/texmf-dist/tex/generic/pgf/basiclayer
/pgfcorepathprocessing.code.tex
File: pgfcorepathprocessing.code.tex 2023-01-15 v3.1.10 (3.1.10)
)
(d:/Programmi e Applicazioni/texlive/2025/texmf-dist/tex/generic/pgf/basiclayer
/pgfcorearrows.code.tex
File: pgfcorearrows.code.tex 2023-01-15 v3.1.10 (3.1.10)
\pgfarrowsep=\dimen273
)
(d:/Programmi e Applicazioni/texlive/2025/texmf-dist/tex/generic/pgf/basiclayer
/pgfcoreshade.code.tex
File: pgfcoreshade.code.tex 2023-01-15 v3.1.10 (3.1.10)
\pgf@max=\dimen274
\pgf@sys@shading@range@num=\count316
\pgf@shadingcount=\count317
)
(d:/Programmi e Applicazioni/texlive/2025/texmf-dist/tex/generic/pgf/basiclayer
/pgfcoreimage.code.tex
File: pgfcoreimage.code.tex 2023-01-15 v3.1.10 (3.1.10)
)
(d:/Programmi e Applicazioni/texlive/2025/texmf-dist/tex/generic/pgf/basiclayer
/pgfcoreexternal.code.tex
File: pgfcoreexternal.code.tex 2023-01-15 v3.1.10 (3.1.10)
\pgfexternal@startupbox=\box69
)
(d:/Programmi e Applicazioni/texlive/2025/texmf-dist/tex/generic/pgf/basiclayer
/pgfcorelayers.code.tex
File: pgfcorelayers.code.tex 2023-01-15 v3.1.10 (3.1.10)
)
(d:/Programmi e Applicazioni/texlive/2025/texmf-dist/tex/generic/pgf/basiclayer
/pgfcoretransparency.code.tex
File: pgfcoretransparency.code.tex 2023-01-15 v3.1.10 (3.1.10)
)
(d:/Programmi e Applicazioni/texlive/2025/texmf-dist/tex/generic/pgf/basiclayer
/pgfcorepatterns.code.tex
File: pgfcorepatterns.code.tex 2023-01-15 v3.1.10 (3.1.10)
)
(d:/Programmi e Applicazioni/texlive/2025/texmf-dist/tex/generic/pgf/basiclayer
/pgfcorerdf.code.tex
File: pgfcorerdf.code.tex 2023-01-15 v3.1.10 (3.1.10)
)))
(d:/Programmi e Applicazioni/texlive/2025/texmf-dist/tex/latex/pgf/utilities/xx
color.sty
Package: xxcolor 2003/10/24 ver 0.1
\XC@nummixins=\count318
\XC@countmixins=\count319
)
(d:/Programmi e Applicazioni/texlive/2025/texmf-dist/tex/latex/base/atbegshi-lt
x.sty
Package: atbegshi-ltx 2021/01/10 v1.0c Emulation of the original atbegshi
package with kernel methods
)
(d:/Programmi e Applicazioni/texlive/2025/texmf-dist/tex/latex/hyperref/hyperre
f.sty
Package: hyperref 2024-11-05 v7.01l Hypertext links for LaTeX

(d:/Programmi e Applicazioni/texlive/2025/texmf-dist/tex/latex/kvsetkeys/kvsetk
eys.sty
Package: kvsetkeys 2022-10-05 v1.19 Key value parser (HO)
)
(d:/Programmi e Applicazioni/texlive/2025/texmf-dist/tex/generic/kvdefinekeys/k
vdefinekeys.sty
Package: kvdefinekeys 2019-12-19 v1.6 Define keys (HO)
)
(d:/Programmi e Applicazioni/texlive/2025/texmf-dist/tex/generic/pdfescape/pdfe
scape.sty
Package: pdfescape 2019/12/09 v1.15 Implements pdfTeX's escape features (HO)

(d:/Programmi e Applicazioni/texlive/2025/texmf-dist/tex/generic/ltxcmds/ltxcmd
s.sty
Package: ltxcmds 2023-12-04 v1.26 LaTeX kernel commands for general use (HO)
)
(d:/Programmi e Applicazioni/texlive/2025/texmf-dist/tex/generic/pdftexcmds/pdf
texcmds.sty
Package: pdftexcmds 2020-06-27 v0.33 Utility functions of pdfTeX for LuaTeX (HO
)

(d:/Programmi e Applicazioni/texlive/2025/texmf-dist/tex/generic/infwarerr/infw
arerr.sty
Package: infwarerr 2019/12/03 v1.5 Providing info/warning/error messages (HO)
)
Package pdftexcmds Info: \pdf@primitive is available.
Package pdftexcmds Info: \pdf@ifprimitive is available.
Package pdftexcmds Info: \pdfdraftmode found.
))
(d:/Programmi e Applicazioni/texlive/2025/texmf-dist/tex/latex/hycolor/hycolor.
sty
Package: hycolor 2020-01-27 v1.10 Color options for hyperref/bookmark (HO)
)
(d:/Programmi e Applicazioni/texlive/2025/texmf-dist/tex/latex/hyperref/nameref
.sty
Package: nameref 2023-11-26 v2.56 Cross-referencing by name of section

(d:/Programmi e Applicazioni/texlive/2025/texmf-dist/tex/latex/refcount/refcoun
t.sty
Package: refcount 2019/12/15 v3.6 Data extraction from label references (HO)
)
(d:/Programmi e Applicazioni/texlive/2025/texmf-dist/tex/generic/gettitlestring
/gettitlestring.sty
Package: gettitlestring 2019/12/15 v1.6 Cleanup title references (HO)

(d:/Programmi e Applicazioni/texlive/2025/texmf-dist/tex/latex/kvoptions/kvopti
ons.sty
Package: kvoptions 2022-06-15 v3.15 Key value format for package options (HO)
))
\c@section@level=\count320
)
(d:/Programmi e Applicazioni/texlive/2025/texmf-dist/tex/generic/stringenc/stri
ngenc.sty
Package: stringenc 2019/11/29 v1.12 Convert strings between diff. encodings (HO
)
)
\@linkdim=\dimen275
\Hy@linkcounter=\count321
\Hy@pagecounter=\count322

(d:/Programmi e Applicazioni/texlive/2025/texmf-dist/tex/latex/hyperref/pd1enc.
def
File: pd1enc.def 2024-11-05 v7.01l Hyperref: PDFDocEncoding definition (HO)
Now handling font encoding PD1 ...
... no UTF-8 mapping file for font encoding PD1
)
(d:/Programmi e Applicazioni/texlive/2025/texmf-dist/tex/generic/intcalc/intcal
c.sty
Package: intcalc 2019/12/15 v1.3 Expandable calculations with integers (HO)
)
\Hy@SavedSpaceFactor=\count323

(d:/Programmi e Applicazioni/texlive/2025/texmf-dist/tex/latex/hyperref/puenc.d
ef
File: puenc.def 2024-11-05 v7.01l Hyperref: PDF Unicode definition (HO)
Now handling font encoding PU ...
... no UTF-8 mapping file for font encoding PU
)
Package hyperref Info: Option `bookmarks' set `true' on input line 4040.
Package hyperref Info: Option `bookmarksopen' set `true' on input line 4040.
Package hyperref Info: Option `implicit' set `false' on input line 4040.
Package hyperref Info: Hyper figures OFF on input line 4157.
Package hyperref Info: Link nesting OFF on input line 4162.
Package hyperref Info: Hyper index ON on input line 4165.
Package hyperref Info: Plain pages OFF on input line 4172.
Package hyperref Info: Backreferencing OFF on input line 4177.
Package hyperref Info: Implicit mode OFF; no redefinition of LaTeX internals.
Package hyperref Info: Bookmarks ON on input line 4424.
\c@Hy@tempcnt=\count324
 (d:/Programmi e Applicazioni/texlive/2025/texmf-dist/tex/latex/url/url.sty
\Urlmuskip=\muskip17
Package: url 2013/09/16  ver 3.4  Verb mode for urls, etc.
)
LaTeX Info: Redefining \url on input line 4763.
\XeTeXLinkMargin=\dimen276

(d:/Programmi e Applicazioni/texlive/2025/texmf-dist/tex/generic/bitset/bitset.
sty
Package: bitset 2019/12/09 v1.3 Handle bit-vector datatype (HO)

(d:/Programmi e Applicazioni/texlive/2025/texmf-dist/tex/generic/bigintcalc/big
intcalc.sty
Package: bigintcalc 2019/12/15 v1.5 Expandable calculations on big integers (HO
)
))
\Fld@menulength=\count325
\Field@Width=\dimen277
\Fld@charsize=\dimen278
Package hyperref Info: Hyper figures OFF on input line 6042.
Package hyperref Info: Link nesting OFF on input line 6047.
Package hyperref Info: Hyper index ON on input line 6050.
Package hyperref Info: backreferencing OFF on input line 6057.
Package hyperref Info: Link coloring OFF on input line 6062.
Package hyperref Info: Link coloring with OCG OFF on input line 6067.
Package hyperref Info: PDF/A mode OFF on input line 6072.
\Hy@abspage=\count326


Package hyperref Message: Stopped early.

)
Package hyperref Info: Driver (autodetected): hpdftex.

(d:/Programmi e Applicazioni/texlive/2025/texmf-dist/tex/latex/hyperref/hpdftex
.def
File: hpdftex.def 2024-11-05 v7.01l Hyperref driver for pdfTeX

(d:/Programmi e Applicazioni/texlive/2025/texmf-dist/tex/latex/base/atveryend-l
tx.sty
Package: atveryend-ltx 2020/08/19 v1.0a Emulation of the original atveryend pac
kage
with kernel methods
)
\Fld@listcount=\count327
\c@bookmark@seq@number=\count328

(d:/Programmi e Applicazioni/texlive/2025/texmf-dist/tex/latex/rerunfilecheck/r
erunfilecheck.sty
Package: rerunfilecheck 2022-07-10 v1.10 Rerun checks for auxiliary files (HO)

(d:/Programmi e Applicazioni/texlive/2025/texmf-dist/tex/generic/uniquecounter/
uniquecounter.sty
Package: uniquecounter 2019/12/15 v1.4 Provide unlimited unique counter (HO)
)
Package uniquecounter Info: New unique counter `rerunfilecheck' on input line 2
85.
))
(d:/Programmi e Applicazioni/texlive/2025/texmf-dist/tex/latex/beamer/beamerbas
erequires.sty
(d:/Programmi e Applicazioni/texlive/2025/texmf-dist/tex/latex/beamer/beamerbas
ecompatibility.sty)
(d:/Programmi e Applicazioni/texlive/2025/texmf-dist/tex/latex/beamer/beamerbas
efont.sty
(d:/Programmi e Applicazioni/texlive/2025/texmf-dist/tex/latex/amsfonts/amssymb
.sty
Package: amssymb 2013/01/14 v3.01 AMS font symbols

(d:/Programmi e Applicazioni/texlive/2025/texmf-dist/tex/latex/amsfonts/amsfont
s.sty
Package: amsfonts 2013/01/14 v3.01 Basic AMSFonts support
\@emptytoks=\toks31
\symAMSa=\mathgroup4
\symAMSb=\mathgroup5
LaTeX Font Info:    Redeclaring math symbol \hbar on input line 98.
LaTeX Font Info:    Overwriting math alphabet `\mathfrak' in version `bold'
(Font)                  U/euf/m/n --> U/euf/b/n on input line 106.
))
(d:/Programmi e Applicazioni/texlive/2025/texmf-dist/tex/latex/sansmathaccent/s
ansmathaccent.sty
Package: sansmathaccent 2020/01/31

(d:/Programmi e Applicazioni/texlive/2025/texmf-dist/tex/latex/koma-script/scrl
file.sty
Package: scrlfile 2024/10/24 v3.43 KOMA-Script package (file load hooks)

(d:/Programmi e Applicazioni/texlive/2025/texmf-dist/tex/latex/koma-script/scrl
file-hook.sty
Package: scrlfile-hook 2024/10/24 v3.43 KOMA-Script package (using LaTeX hooks)


(d:/Programmi e Applicazioni/texlive/2025/texmf-dist/tex/latex/koma-script/scrl
ogo.sty
Package: scrlogo 2024/10/24 v3.43 KOMA-Script package (logo)
)))))
(d:/Programmi e Applicazioni/texlive/2025/texmf-dist/tex/latex/beamer/beamerbas
etranslator.sty
(d:/Programmi e Applicazioni/texlive/2025/texmf-dist/tex/latex/translator/trans
lator.sty
Package: translator 2021-05-31 v1.12d Easy translation of strings in LaTeX
))
(d:/Programmi e Applicazioni/texlive/2025/texmf-dist/tex/latex/beamer/beamerbas
emisc.sty)
(d:/Programmi e Applicazioni/texlive/2025/texmf-dist/tex/latex/beamer/beamerbas
etwoscreens.sty)
(d:/Programmi e Applicazioni/texlive/2025/texmf-dist/tex/latex/beamer/beamerbas
eoverlay.sty
\beamer@argscount=\count329
\beamer@lastskipcover=\skip55
\beamer@trivlistdepth=\count330
)
(d:/Programmi e Applicazioni/texlive/2025/texmf-dist/tex/latex/beamer/beamerbas
etitle.sty)
(d:/Programmi e Applicazioni/texlive/2025/texmf-dist/tex/latex/beamer/beamerbas
esection.sty
\c@lecture=\count331
\c@part=\count332
\c@section=\count333
\c@subsection=\count334
\c@subsubsection=\count335
)
(d:/Programmi e Applicazioni/texlive/2025/texmf-dist/tex/latex/beamer/beamerbas
eframe.sty
\beamer@framebox=\box70
\beamer@frametitlebox=\box71
\beamer@zoombox=\box72
\beamer@zoomcount=\count336
\beamer@zoomframecount=\count337
\beamer@frametextheight=\dimen279
\c@subsectionslide=\count338
\beamer@frametopskip=\skip56
\beamer@framebottomskip=\skip57
\beamer@frametopskipautobreak=\skip58
\beamer@framebottomskipautobreak=\skip59
\beamer@envbody=\toks32
\framewidth=\dimen280
\c@framenumber=\count339
)
(d:/Programmi e Applicazioni/texlive/2025/texmf-dist/tex/latex/beamer/beamerbas
everbatim.sty
\beamer@verbatimfileout=\write4
)
(d:/Programmi e Applicazioni/texlive/2025/texmf-dist/tex/latex/beamer/beamerbas
eframesize.sty
\beamer@splitbox=\box73
\beamer@autobreakcount=\count340
\beamer@autobreaklastheight=\dimen281
\beamer@frametitletoks=\toks33
\beamer@framesubtitletoks=\toks34
)
(d:/Programmi e Applicazioni/texlive/2025/texmf-dist/tex/latex/beamer/beamerbas
eframecomponents.sty
\beamer@footins=\box74
)
(d:/Programmi e Applicazioni/texlive/2025/texmf-dist/tex/latex/beamer/beamerbas
ecolor.sty)
(d:/Programmi e Applicazioni/texlive/2025/texmf-dist/tex/latex/beamer/beamerbas
enotes.sty
\beamer@frameboxcopy=\box75
)
(d:/Programmi e Applicazioni/texlive/2025/texmf-dist/tex/latex/beamer/beamerbas
etoc.sty)
(d:/Programmi e Applicazioni/texlive/2025/texmf-dist/tex/latex/beamer/beamerbas
etemplates.sty
\beamer@sbttoks=\toks35

(d:/Programmi e Applicazioni/texlive/2025/texmf-dist/tex/latex/beamer/beamerbas
eauxtemplates.sty
(d:/Programmi e Applicazioni/texlive/2025/texmf-dist/tex/latex/beamer/beamerbas
eboxes.sty
\bmb@box=\box76
\bmb@colorbox=\box77
\bmb@boxwidth=\dimen282
\bmb@boxheight=\dimen283
\bmb@prevheight=\dimen284
\bmb@temp=\dimen285
\bmb@dima=\dimen286
\bmb@dimb=\dimen287
\bmb@prevheight=\dimen288
)
\beamer@blockheadheight=\dimen289
))
(d:/Programmi e Applicazioni/texlive/2025/texmf-dist/tex/latex/beamer/beamerbas
elocalstructure.sty
(d:/Programmi e Applicazioni/texlive/2025/texmf-dist/tex/latex/tools/enumerate.
sty
Package: enumerate 2023/07/04 v3.00 enumerate extensions (DPC)
\@enLab=\toks36
)
\beamer@bibiconwidth=\skip60
\c@figure=\count341
\c@table=\count342
\abovecaptionskip=\skip61
\belowcaptionskip=\skip62
)
(d:/Programmi e Applicazioni/texlive/2025/texmf-dist/tex/latex/beamer/beamerbas
enavigation.sty
(d:/Programmi e Applicazioni/texlive/2025/texmf-dist/tex/latex/beamer/beamerbas
enavigationsymbols.tex)
\beamer@section@min@dim=\dimen290
)
(d:/Programmi e Applicazioni/texlive/2025/texmf-dist/tex/latex/beamer/beamerbas
etheorems.sty
(d:/Programmi e Applicazioni/texlive/2025/texmf-dist/tex/latex/amsmath/amsmath.
sty
Package: amsmath 2024/11/05 v2.17t AMS math features
\@mathmargin=\skip63

For additional information on amsmath, use the `?' option.

(d:/Programmi e Applicazioni/texlive/2025/texmf-dist/tex/latex/amsmath/amstext.
sty
Package: amstext 2021/08/26 v2.01 AMS text

(d:/Programmi e Applicazioni/texlive/2025/texmf-dist/tex/latex/amsmath/amsgen.s
ty
File: amsgen.sty 1999/11/30 v2.0 generic functions
\@emptytoks=\toks37
\ex@=\dimen291
))
(d:/Programmi e Applicazioni/texlive/2025/texmf-dist/tex/latex/amsmath/amsbsy.s
ty
Package: amsbsy 1999/11/29 v1.2d Bold Symbols
\pmbraise@=\dimen292
)
(d:/Programmi e Applicazioni/texlive/2025/texmf-dist/tex/latex/amsmath/amsopn.s
ty
Package: amsopn 2022/04/08 v2.04 operator names
)
\inf@bad=\count343
LaTeX Info: Redefining \frac on input line 233.
\uproot@=\count344
\leftroot@=\count345
LaTeX Info: Redefining \overline on input line 398.
LaTeX Info: Redefining \colon on input line 409.
\classnum@=\count346
\DOTSCASE@=\count347
LaTeX Info: Redefining \ldots on input line 495.
LaTeX Info: Redefining \dots on input line 498.
LaTeX Info: Redefining \cdots on input line 619.
\Mathstrutbox@=\box78
\strutbox@=\box79
LaTeX Info: Redefining \big on input line 721.
LaTeX Info: Redefining \Big on input line 722.
LaTeX Info: Redefining \bigg on input line 723.
LaTeX Info: Redefining \Bigg on input line 724.
\big@size=\dimen293
LaTeX Font Info:    Redeclaring font encoding OML on input line 742.
LaTeX Font Info:    Redeclaring font encoding OMS on input line 743.
\macc@depth=\count348
LaTeX Info: Redefining \bmod on input line 904.
LaTeX Info: Redefining \pmod on input line 909.
LaTeX Info: Redefining \smash on input line 939.
LaTeX Info: Redefining \relbar on input line 969.
LaTeX Info: Redefining \Relbar on input line 970.
\c@MaxMatrixCols=\count349
\dotsspace@=\muskip18
\c@parentequation=\count350
\dspbrk@lvl=\count351
\tag@help=\toks38
\row@=\count352
\column@=\count353
\maxfields@=\count354
\andhelp@=\toks39
\eqnshift@=\dimen294
\alignsep@=\dimen295
\tagshift@=\dimen296
\tagwidth@=\dimen297
\totwidth@=\dimen298
\lineht@=\dimen299
\@envbody=\toks40
\multlinegap=\skip64
\multlinetaggap=\skip65
\mathdisplay@stack=\toks41
LaTeX Info: Redefining \[ on input line 2953.
LaTeX Info: Redefining \] on input line 2954.
)
(d:/Programmi e Applicazioni/texlive/2025/texmf-dist/tex/latex/amscls/amsthm.st
y
Package: amsthm 2020/05/29 v2.20.6
\thm@style=\toks42
\thm@bodyfont=\toks43
\thm@headfont=\toks44
\thm@notefont=\toks45
\thm@headpunct=\toks46
\thm@preskip=\skip66
\thm@postskip=\skip67
\thm@headsep=\skip68
\dth@everypar=\toks47
)
\c@theorem=\count355
)
(d:/Programmi e Applicazioni/texlive/2025/texmf-dist/tex/latex/beamer/beamerbas
ethemes.sty))
(d:/Programmi e Applicazioni/texlive/2025/texmf-dist/tex/latex/beamer/beamerthe
medefault.sty
(d:/Programmi e Applicazioni/texlive/2025/texmf-dist/tex/latex/beamer/beamerfon
tthemedefault.sty)
(d:/Programmi e Applicazioni/texlive/2025/texmf-dist/tex/latex/beamer/beamercol
orthemedefault.sty)
(d:/Programmi e Applicazioni/texlive/2025/texmf-dist/tex/latex/beamer/beamerinn
erthemedefault.sty
\beamer@dima=\dimen300
\beamer@dimb=\dimen301
)
(d:/Programmi e Applicazioni/texlive/2025/texmf-dist/tex/latex/beamer/beamerout
erthemedefault.sty)))
(d:/Programmi e Applicazioni/texlive/2025/texmf-dist/tex/latex/appendixnumberbe
amer/appendixnumberbeamer.sty)
(d:/Programmi e Applicazioni/texlive/2025/texmf-dist/tex/latex/base/fontenc.sty
Package: fontenc 2021/04/29 v2.0v Standard LaTeX package
)
(d:/Programmi e Applicazioni/texlive/2025/texmf-dist/tex/latex/base/inputenc.st
y
Package: inputenc 2024/02/08 v1.3d Input encoding file
\inpenc@prehook=\toks48
\inpenc@posthook=\toks49
)
(d:/Programmi e Applicazioni/texlive/2025/texmf-dist/tex/generic/babel/babel.st
y
Package: babel 2025/05/14 v25.9 The multilingual framework for pdfLaTeX, LuaLaT
eX and XeLaTeX
\babel@savecnt=\count356
\U@D=\dimen302
\l@unhyphenated=\language90

(d:/Programmi e Applicazioni/texlive/2025/texmf-dist/tex/generic/babel/txtbabel
.def)
\bbl@readstream=\read3
LaTeX Info: Redefining \textlatin on input line 3887.
\bbl@dirlevel=\count357

(d:/Programmi e Applicazioni/texlive/2025/texmf-dist/tex/generic/babel-italian/
italian.ldf
Language: italian 2024/10/10 v.1.5.01 Italian support for the babel system

(d:/Programmi e Applicazioni/texlive/2025/texmf-dist/tex/generic/babel/locale/i
t/babel-italian.tex
Package babel Info: Importing font and identification data for italian
(babel)             from babel-it.ini. Reported on input line 11.
)
\it@lettering=\count358
\it@doublequoteactive=\count359
\it@ISOcompliance=\count360
))
(d:/Programmi e Applicazioni/texlive/2025/texmf-dist/tex/latex/tools/varioref.s
ty
Package: varioref 2024/05/23 v1.6g package for extended references (FMi)
\c@vrcnt=\count361
)
(d:/Programmi e Applicazioni/texlive/texmf-local/tex/latex/local/AndreaStyle.st
y
Package: AndreaStyle 

(d:/Programmi e Applicazioni/texlive/2025/texmf-dist/tex/latex/microtype/microt
ype.sty
Package: microtype 2025/02/11 v3.2a Micro-typographical refinements (RS)
\MT@toks=\toks50
\MT@tempbox=\box80
\MT@count=\count362
LaTeX Info: Redefining \noprotrusionifhmode on input line 1087.
LaTeX Info: Redefining \leftprotrusion on input line 1088.
\MT@prot@toks=\toks51
LaTeX Info: Redefining \rightprotrusion on input line 1107.
LaTeX Info: Redefining \textls on input line 1449.
\MT@outer@kern=\dimen303
LaTeX Info: Redefining \microtypecontext on input line 2053.
LaTeX Info: Redefining \textmicrotypecontext on input line 2070.
\MT@listname@count=\count363

(d:/Programmi e Applicazioni/texlive/2025/texmf-dist/tex/latex/microtype/microt
ype-pdftex.def
File: microtype-pdftex.def 2025/02/11 v3.2a Definitions specific to pdftex (RS)

LaTeX Info: Redefining \lsstyle on input line 944.
LaTeX Info: Redefining \lslig on input line 944.
\MT@outer@space=\skip69
)
Package microtype Info: Loading configuration file microtype.cfg.

(d:/Programmi e Applicazioni/texlive/2025/texmf-dist/tex/latex/microtype/microt
ype.cfg
File: microtype.cfg 2025/02/11 v3.2a microtype main configuration file (RS)
)
LaTeX Info: Redefining \microtypesetup on input line 3065.
)
(d:/Programmi e Applicazioni/texlive/2025/texmf-dist/tex/latex/csquotes/csquote
s.sty
Package: csquotes 2024-04-04 v5.2o context-sensitive quotations (JAW)
\csq@reset=\count364
\csq@gtype=\count365
\csq@glevel=\count366
\csq@qlevel=\count367
\csq@maxlvl=\count368
\csq@tshold=\count369
\csq@ltx@everypar=\toks52

(d:/Programmi e Applicazioni/texlive/2025/texmf-dist/tex/latex/csquotes/csquote
s.def
File: csquotes.def 2024-04-04 v5.2o csquotes generic definitions (JAW)
)
Package csquotes Info: Trying to load configuration file 'csquotes.cfg'...
Package csquotes Info: ... configuration file loaded successfully.

(d:/Programmi e Applicazioni/texlive/2025/texmf-dist/tex/latex/csquotes/csquote
s.cfg
File: csquotes.cfg 
))
(d:/Programmi e Applicazioni/texlive/2025/texmf-dist/tex/latex/mathtools/mathto
ols.sty
Package: mathtools 2024/10/04 v1.31 mathematical typesetting tools

(d:/Programmi e Applicazioni/texlive/2025/texmf-dist/tex/latex/tools/calc.sty
Package: calc 2023/07/08 v4.3 Infix arithmetic (KKT,FJ)
\calc@Acount=\count370
\calc@Bcount=\count371
\calc@Adimen=\dimen304
\calc@Bdimen=\dimen305
\calc@Askip=\skip70
\calc@Bskip=\skip71
LaTeX Info: Redefining \setlength on input line 80.
LaTeX Info: Redefining \addtolength on input line 81.
\calc@Ccount=\count372
\calc@Cskip=\skip72
)
(d:/Programmi e Applicazioni/texlive/2025/texmf-dist/tex/latex/mathtools/mhsetu
p.sty
Package: mhsetup 2021/03/18 v1.4 programming setup (MH)
)
\g_MT_multlinerow_int=\count373
\l_MT_multwidth_dim=\dimen306
\origjot=\skip73
\l_MT_shortvdotswithinadjustabove_dim=\dimen307
\l_MT_shortvdotswithinadjustbelow_dim=\dimen308
\l_MT_above_intertext_sep=\dimen309
\l_MT_below_intertext_sep=\dimen310
\l_MT_above_shortintertext_sep=\dimen311
\l_MT_below_shortintertext_sep=\dimen312
\xmathstrut@box=\box81
\xmathstrut@dim=\dimen313
)
(d:/Programmi e Applicazioni/texlive/2025/texmf-dist/tex/latex/physics/physics.
sty
Package: physics 

(d:/Programmi e Applicazioni/texlive/2025/texmf-dist/tex/latex/l3packages/xpars
e/xparse.sty
(d:/Programmi e Applicazioni/texlive/2025/texmf-dist/tex/latex/l3kernel/expl3.s
ty
Package: expl3 2025-04-29 L3 programming layer (loader) 

(d:/Programmi e Applicazioni/texlive/2025/texmf-dist/tex/latex/l3backend/l3back
end-pdftex.def
File: l3backend-pdftex.def 2025-04-14 L3 backend support: PDF output (pdfTeX)
\l__color_backend_stack_int=\count374
))
Package: xparse 2024-08-16 L3 Experimental document command parser
))
(d:/Programmi e Applicazioni/texlive/2025/texmf-dist/tex/latex/relsize/relsize.
sty
Package: relsize 2013/03/29 ver 4.1
)
(d:/Programmi e Applicazioni/texlive/2025/texmf-dist/tex/latex/jknapltx/mathrsf
s.sty
Package: mathrsfs 1996/01/01 Math RSFS package v1.0 (jk)
\symrsfs=\mathgroup6
)
(d:/Programmi e Applicazioni/texlive/2025/texmf-dist/tex/generic/mathdots/mathd
ots.sty
Package: mathdots 2014/06/11 v0.9 Improve and add various macros for dots in ma
th.
\MDo@unit=\dimen314
\MDo@dotsbox=\box82
\MDoprekern=\muskip19
\MDopostkern=\muskip20
\MDodotkern=\muskip21
)
(d:/Programmi e Applicazioni/texlive/2025/texmf-dist/tex/latex/cancel/cancel.st
y
Package: cancel 2013/04/12 v2.2 Cancel math terms
)
(d:/Programmi e Applicazioni/texlive/2025/texmf-dist/tex/latex/booktabs/booktab
s.sty
Package: booktabs 2020/01/12 v1.61803398 Publication quality tables
\heavyrulewidth=\dimen315
\lightrulewidth=\dimen316
\cmidrulewidth=\dimen317
\belowrulesep=\dimen318
\belowbottomsep=\dimen319
\aboverulesep=\dimen320
\abovetopsep=\dimen321
\cmidrulesep=\dimen322
\cmidrulekern=\dimen323
\defaultaddspace=\dimen324
\@cmidla=\count375
\@cmidlb=\count376
\@aboverulesep=\dimen325
\@belowrulesep=\dimen326
\@thisruleclass=\count377
\@lastruleclass=\count378
\@thisrulewidth=\dimen327
)
(d:/Programmi e Applicazioni/texlive/2025/texmf-dist/tex/latex/tools/tabularx.s
ty
Package: tabularx 2023/12/11 v2.12a `tabularx' package (DPC)
\TX@col@width=\dimen328
\TX@old@table=\dimen329
\TX@old@col=\dimen330
\TX@target=\dimen331
\TX@delta=\dimen332
\TX@cols=\count379
\TX@ftn=\toks53
)
(d:/Programmi e Applicazioni/texlive/2025/texmf-dist/tex/latex/multirow/multiro
w.sty
Package: multirow 2024/11/12 v2.9 Span multiple rows of a table
\multirow@colwidth=\skip74
\multirow@cntb=\count380
\multirow@dima=\skip75
\bigstrutjot=\dimen333
)
(d:/Programmi e Applicazioni/texlive/2025/texmf-dist/tex/latex/caption/caption.
sty
Package: caption 2023/08/05 v3.6o Customizing captions (AR)

(d:/Programmi e Applicazioni/texlive/2025/texmf-dist/tex/latex/caption/caption3
.sty
Package: caption3 2023/07/31 v2.4d caption3 kernel (AR)
\caption@tempdima=\dimen334
\captionmargin=\dimen335
\caption@leftmargin=\dimen336
\caption@rightmargin=\dimen337
\caption@width=\dimen338
\caption@indent=\dimen339
\caption@parindent=\dimen340
\caption@hangindent=\dimen341
Package caption Info: beamer document class detected.

(d:/Programmi e Applicazioni/texlive/2025/texmf-dist/tex/latex/caption/caption-
beamer.sto
File: caption-beamer.sto 2022/01/06 v2.0c Adaption of the caption package to th
e beamer document classes (AR)
))
\c@caption@flags=\count381
\c@continuedfloat=\count382
Package caption Info: hyperref package is loaded.
Package caption Info: Hyperref support is turned off
(caption)             because hyperref has stopped early.
)
(d:/Programmi e Applicazioni/texlive/2025/texmf-dist/tex/latex/caption/subcapti
on.sty
Package: subcaption 2023/07/28 v1.6b Sub-captions (AR)
Package caption Info: New subtype `subfigure' on input line 238.
\c@subfigure=\count383
Package caption Info: New subtype `subtable' on input line 238.
\c@subtable=\count384
))
(d:/Programmi e Applicazioni/texlive/2025/texmf-dist/tex/latex/arydshln/arydshl
n.sty
Package: arydshln 2019/02/21 v1.76 
\dashlinedash=\dimen342
\dashlinegap=\dimen343
\adl@box=\box83
\adl@height=\dimen344
\adl@heightsave=\dimen345
\adl@depth=\dimen346
\adl@depthsave=\dimen347
\adl@finaldepth=\dimen348
\adl@columns=\count385
\adl@ncol=\count386
\adl@currentcolumn=\count387
\adl@currentcolumnsave=\count388
\adl@totalheight=\count389
\adl@totalheightsave=\count390
\adl@dash=\count391
\adl@gap=\count392
\adl@cla=\count393
\adl@clb=\count394
\adl@everyvbox=\toks54
\adl@LTpagetotal=\dimen349
)
(d:/Programmi e Applicazioni/texlive/2025/texmf-dist/tex/latex/fontawesome5/fon
tawesome5.sty
Package: fontawesome5 2022/05/02 v5.15.4 Font Awesome 5

(d:/Programmi e Applicazioni/texlive/2025/texmf-dist/tex/latex/l3packages/l3key
s2e/l3keys2e.sty
Package: l3keys2e 2024-08-16 LaTeX2e option processing using LaTeX3 keys
)
(d:/Programmi e Applicazioni/texlive/2025/texmf-dist/tex/latex/fontawesome5/fon
tawesome5-generic-helper.sty
Package: fontawesome5-generic-helper 2022/05/02 v5.15.4 non-uTeX helper for fon
tawesome5

(d:/Programmi e Applicazioni/texlive/2025/texmf-dist/tex/latex/fontawesome5/fon
tawesome5-mapping.def)))
(d:/Programmi e Applicazioni/texlive/2025/texmf-dist/tex/latex/tcolorbox/tcolor
box.sty
Package: tcolorbox 2024/10/22 version 6.4.1 text color boxes

(d:/Programmi e Applicazioni/texlive/2025/texmf-dist/tex/latex/pgf/frontendlaye
r/tikz.sty
(d:/Programmi e Applicazioni/texlive/2025/texmf-dist/tex/latex/pgf/basiclayer/p
gf.sty
Package: pgf 2023-01-15 v3.1.10 (3.1.10)

(d:/Programmi e Applicazioni/texlive/2025/texmf-dist/tex/generic/pgf/modules/pg
fmoduleshapes.code.tex
File: pgfmoduleshapes.code.tex 2023-01-15 v3.1.10 (3.1.10)
\pgfnodeparttextbox=\box84
)
(d:/Programmi e Applicazioni/texlive/2025/texmf-dist/tex/generic/pgf/modules/pg
fmoduleplot.code.tex
File: pgfmoduleplot.code.tex 2023-01-15 v3.1.10 (3.1.10)
)
(d:/Programmi e Applicazioni/texlive/2025/texmf-dist/tex/latex/pgf/compatibilit
y/pgfcomp-version-0-65.sty
Package: pgfcomp-version-0-65 2023-01-15 v3.1.10 (3.1.10)
\pgf@nodesepstart=\dimen350
\pgf@nodesepend=\dimen351
)
(d:/Programmi e Applicazioni/texlive/2025/texmf-dist/tex/latex/pgf/compatibilit
y/pgfcomp-version-1-18.sty
Package: pgfcomp-version-1-18 2023-01-15 v3.1.10 (3.1.10)
))
(d:/Programmi e Applicazioni/texlive/2025/texmf-dist/tex/latex/pgf/utilities/pg
ffor.sty
(d:/Programmi e Applicazioni/texlive/2025/texmf-dist/tex/generic/pgf/utilities/
pgffor.code.tex
Package: pgffor 2023-01-15 v3.1.10 (3.1.10)
\pgffor@iter=\dimen352
\pgffor@skip=\dimen353
\pgffor@stack=\toks55
\pgffor@toks=\toks56
))
(d:/Programmi e Applicazioni/texlive/2025/texmf-dist/tex/generic/pgf/frontendla
yer/tikz/tikz.code.tex
Package: tikz 2023-01-15 v3.1.10 (3.1.10)

(d:/Programmi e Applicazioni/texlive/2025/texmf-dist/tex/generic/pgf/libraries/
pgflibraryplothandlers.code.tex
File: pgflibraryplothandlers.code.tex 2023-01-15 v3.1.10 (3.1.10)
\pgf@plot@mark@count=\count395
\pgfplotmarksize=\dimen354
)
\tikz@lastx=\dimen355
\tikz@lasty=\dimen356
\tikz@lastxsaved=\dimen357
\tikz@lastysaved=\dimen358
\tikz@lastmovetox=\dimen359
\tikz@lastmovetoy=\dimen360
\tikzleveldistance=\dimen361
\tikzsiblingdistance=\dimen362
\tikz@figbox=\box85
\tikz@figbox@bg=\box86
\tikz@tempbox=\box87
\tikz@tempbox@bg=\box88
\tikztreelevel=\count396
\tikznumberofchildren=\count397
\tikznumberofcurrentchild=\count398
\tikz@fig@count=\count399

(d:/Programmi e Applicazioni/texlive/2025/texmf-dist/tex/generic/pgf/modules/pg
fmodulematrix.code.tex
File: pgfmodulematrix.code.tex 2023-01-15 v3.1.10 (3.1.10)
\pgfmatrixcurrentrow=\count400
\pgfmatrixcurrentcolumn=\count401
\pgf@matrix@numberofcolumns=\count402
)
\tikz@expandcount=\count403

(d:/Programmi e Applicazioni/texlive/2025/texmf-dist/tex/generic/pgf/frontendla
yer/tikz/libraries/tikzlibrarytopaths.code.tex
File: tikzlibrarytopaths.code.tex 2023-01-15 v3.1.10 (3.1.10)
)))
(d:/Programmi e Applicazioni/texlive/2025/texmf-dist/tex/latex/tools/verbatim.s
ty
Package: verbatim 2024-01-22 v1.5x LaTeX2e package for verbatim enhancements
\every@verbatim=\toks57
\verbatim@line=\toks58
\verbatim@in@stream=\read4
)
(d:/Programmi e Applicazioni/texlive/2025/texmf-dist/tex/latex/environ/environ.
sty
Package: environ 2014/05/04 v0.3 A new way to define environments

(d:/Programmi e Applicazioni/texlive/2025/texmf-dist/tex/latex/trimspaces/trims
paces.sty
Package: trimspaces 2009/09/17 v1.1 Trim spaces around a token list
))
\tcb@titlebox=\box89
\tcb@upperbox=\box90
\tcb@lowerbox=\box91
\tcb@phantombox=\box92
\c@tcbbreakpart=\count404
\c@tcblayer=\count405
\c@tcolorbox@number=\count406
\l__tcobox_tmpa_box=\box93
\l__tcobox_tmpa_dim=\dimen363
\tcb@temp=\box94
\tcb@temp=\box95
\tcb@temp=\box96
\tcb@temp=\box97

(d:/Programmi e Applicazioni/texlive/2025/texmf-dist/tex/latex/tcolorbox/tcbras
ter.code.tex
Library (tcolorbox): 'tcbraster.code.tex' version '6.4.1'
\c@tcbrastercolumn=\count407
\c@tcbrasterrow=\count408
\c@tcbrasternum=\count409
\c@tcbraster=\count410
)
(d:/Programmi e Applicazioni/texlive/2025/texmf-dist/tex/latex/tcolorbox/tcbski
ns.code.tex
Library (tcolorbox): 'tcbskins.code.tex' version '6.4.1'

(d:/Programmi e Applicazioni/texlive/2025/texmf-dist/tex/latex/tikzfill/tikzfil
l.image.sty
Package: tikzfill.image 2023/08/08 v1.0.1 Image filling library for TikZ

(d:/Programmi e Applicazioni/texlive/2025/texmf-dist/tex/latex/tikzfill/tikzfil
l-common.sty
Package: tikzfill-common 2023/08/08 v1.0.1 Auxiliary code for tikzfill
)
(d:/Programmi e Applicazioni/texlive/2025/texmf-dist/tex/latex/tikzfill/tikzlib
raryfill.image.code.tex
File: tikzlibraryfill.image.code.tex 2023/08/08 v1.0.1 Image filling library
\l__tikzfill_img_box=\box98
))
(d:/Programmi e Applicazioni/texlive/2025/texmf-dist/tex/latex/tcolorbox/tcbski
nsjigsaw.code.tex
Library (tcolorbox): 'tcbskinsjigsaw.code.tex' version '6.4.1'
))
(d:/Programmi e Applicazioni/texlive/2025/texmf-dist/tex/latex/tcolorbox/tcbbre
akable.code.tex
Library (tcolorbox): 'tcbbreakable.code.tex' version '6.4.1'

(d:/Programmi e Applicazioni/texlive/2025/texmf-dist/tex/latex/pdfcol/pdfcol.st
y
Package: pdfcol 2022-09-21 v1.7 Handle new color stacks for pdfTeX (HO)
)
Package pdfcol Info: New color stack `tcb@breakable' = 1 on input line 23.
\tcb@testbox=\box99
\tcb@totalupperbox=\box100
\tcb@totallowerbox=\box101
)
(d:/Programmi e Applicazioni/texlive/2025/texmf-dist/tex/latex/tcolorbox/tcbhoo
ks.code.tex
Library (tcolorbox): 'tcbhooks.code.tex' version '6.4.1'
)
(d:/Programmi e Applicazioni/texlive/2025/texmf-dist/tex/latex/tcolorbox/tcbthe
orems.code.tex
Library (tcolorbox): 'tcbtheorems.code.tex' version '6.4.1'
)
(d:/Programmi e Applicazioni/texlive/2025/texmf-dist/tex/latex/tcolorbox/tcbfit
ting.code.tex
Library (tcolorbox): 'tcbfitting.code.tex' version '6.4.1'
\tcbfitdim=\dimen364
\tcb@lowerfitdim=\dimen365
\tcb@upperfitdim=\dimen366
\tcb@cur@hbadness=\count411
))
\c@proposizione=\count412
\c@teorema=\count413
\c@corollario=\count414
\c@definizione=\count415
\c@oss=\count416

(d:/Programmi e Applicazioni/texlive/2025/texmf-dist/tex/latex/beamer/beamerthe
meMadrid.sty
(d:/Programmi e Applicazioni/texlive/2025/texmf-dist/tex/latex/beamer/beamercol
orthemewhale.sty)
(d:/Programmi e Applicazioni/texlive/2025/texmf-dist/tex/latex/beamer/beamercol
orthemeorchid.sty)
(d:/Programmi e Applicazioni/texlive/2025/texmf-dist/tex/latex/beamer/beamerinn
erthemerounded.sty)
(d:/Programmi e Applicazioni/texlive/2025/texmf-dist/tex/latex/beamer/beamerout
erthemeinfolines.sty))
Package csquotes Info: Checking for multilingual support...
Package csquotes Info: ... found 'babel' package.
Package csquotes Info: Adjusting default style.
Package csquotes Info: Redefining alias 'default' -> 'italian'.
 (./presentazione MA.aux)
\openout1 = `"presentazione MA.aux"'.

LaTeX Font Info:    Checking defaults for OML/cmm/m/it on input line 134.
LaTeX Font Info:    ... okay on input line 134.
LaTeX Font Info:    Checking defaults for OMS/cmsy/m/n on input line 134.
LaTeX Font Info:    ... okay on input line 134.
LaTeX Font Info:    Checking defaults for OT1/cmr/m/n on input line 134.
LaTeX Font Info:    ... okay on input line 134.
LaTeX Font Info:    Checking defaults for T1/cmr/m/n on input line 134.
LaTeX Font Info:    ... okay on input line 134.
LaTeX Font Info:    Checking defaults for TS1/cmr/m/n on input line 134.
LaTeX Font Info:    ... okay on input line 134.
LaTeX Font Info:    Checking defaults for OMX/cmex/m/n on input line 134.
LaTeX Font Info:    ... okay on input line 134.
LaTeX Font Info:    Checking defaults for U/cmr/m/n on input line 134.
LaTeX Font Info:    ... okay on input line 134.
LaTeX Font Info:    Checking defaults for PD1/pdf/m/n on input line 134.
LaTeX Font Info:    ... okay on input line 134.
LaTeX Font Info:    Checking defaults for PU/pdf/m/n on input line 134.
LaTeX Font Info:    ... okay on input line 134.

*geometry* driver: auto-detecting
*geometry* detected driver: pdftex
*geometry* verbose mode - [ preamble ] result:
* driver: pdftex
* paper: custom
* layout: <same size as paper>
* layoutoffset:(h,v)=(0.0pt,0.0pt)
* modes: includehead includefoot 
* h-part:(L,W,R)=(9.99756pt, 344.20024pt, 9.99756pt)
* v-part:(T,H,B)=(0.0pt, 273.14662pt, 0.0pt)
* \paperwidth=364.19536pt
* \paperheight=273.14662pt
* \textwidth=344.20024pt
* \textheight=244.6939pt
* \oddsidemargin=-62.27243pt
* \evensidemargin=-62.27243pt
* \topmargin=-72.26999pt
* \headheight=14.22636pt
* \headsep=0.0pt
* \topskip=10.0pt
* \footskip=14.22636pt
* \marginparwidth=3.0pt
* \marginparsep=11.0pt
* \columnsep=10.0pt
* \skip\footins=9.0pt plus 4.0pt minus 2.0pt
* \hoffset=0.0pt
* \voffset=0.0pt
* \mag=1000
* \@twocolumnfalse
* \@twosidefalse
* \@mparswitchfalse
* \@reversemarginfalse
* (1in=72.27pt=25.4mm, 1cm=28.453pt)


(d:/Programmi e Applicazioni/texlive/2025/texmf-dist/tex/context/base/mkii/supp
-pdf.mkii
[Loading MPS to PDF converter (version 2006.09.02).]
\scratchcounter=\count417
\scratchdimen=\dimen367
\scratchbox=\box102
\nofMPsegments=\count418
\nofMParguments=\count419
\everyMPshowfont=\toks59
\MPscratchCnt=\count420
\MPscratchDim=\dimen368
\MPnumerator=\count421
\makeMPintoPDFobject=\count422
\everyMPtoPDFconversion=\toks60
)
(d:/Programmi e Applicazioni/texlive/2025/texmf-dist/tex/latex/epstopdf-pkg/eps
topdf-base.sty
Package: epstopdf-base 2020-01-24 v2.11 Base part for package epstopdf
Package epstopdf-base Info: Redefining graphics rule for `.eps' on input line 4
85.

(d:/Programmi e Applicazioni/texlive/2025/texmf-dist/tex/latex/latexconfig/epst
opdf-sys.cfg
File: epstopdf-sys.cfg 2010/07/13 v1.3 Configuration of (r)epstopdf for TeX Liv
e
))
Package hyperref Info: Link coloring OFF on input line 134.
 (./presentazione MA.out) (./presentazione MA.out)
\@outlinefile=\write5
\openout5 = `"presentazione MA.out"'.

LaTeX Font Info:    Overwriting symbol font `operators' in version `normal'
(Font)                  OT1/cmr/m/n --> OT1/cmss/m/n on input line 134.
LaTeX Font Info:    Overwriting symbol font `operators' in version `bold'
(Font)                  OT1/cmr/bx/n --> OT1/cmss/b/n on input line 134.
\symnumbers=\mathgroup7
\sympureletters=\mathgroup8
LaTeX Font Info:    Overwriting math alphabet `\mathrm' in version `normal'
(Font)                  OT1/cmss/m/n --> T1/cmr/m/n on input line 134.
LaTeX Font Info:    Redeclaring math alphabet \mathbf on input line 134.
LaTeX Font Info:    Overwriting math alphabet `\mathbf' in version `normal'
(Font)                  OT1/cmr/bx/n --> T1/cmss/b/n on input line 134.
LaTeX Font Info:    Overwriting math alphabet `\mathbf' in version `bold'
(Font)                  OT1/cmr/bx/n --> T1/cmss/b/n on input line 134.
LaTeX Font Info:    Redeclaring math alphabet \mathsf on input line 134.
LaTeX Font Info:    Overwriting math alphabet `\mathsf' in version `normal'
(Font)                  OT1/cmss/m/n --> T1/cmss/m/n on input line 134.
LaTeX Font Info:    Overwriting math alphabet `\mathsf' in version `bold'
(Font)                  OT1/cmss/bx/n --> T1/cmss/m/n on input line 134.
LaTeX Font Info:    Redeclaring math alphabet \mathit on input line 134.
LaTeX Font Info:    Overwriting math alphabet `\mathit' in version `normal'
(Font)                  OT1/cmr/m/it --> T1/cmss/m/it on input line 134.
LaTeX Font Info:    Overwriting math alphabet `\mathit' in version `bold'
(Font)                  OT1/cmr/bx/it --> T1/cmss/m/it on input line 134.
LaTeX Font Info:    Redeclaring math alphabet \mathtt on input line 134.
LaTeX Font Info:    Overwriting math alphabet `\mathtt' in version `normal'
(Font)                  OT1/cmtt/m/n --> T1/cmtt/m/n on input line 134.
LaTeX Font Info:    Overwriting math alphabet `\mathtt' in version `bold'
(Font)                  OT1/cmtt/m/n --> T1/cmtt/m/n on input line 134.
LaTeX Font Info:    Overwriting symbol font `numbers' in version `bold'
(Font)                  T1/cmss/m/n --> T1/cmss/b/n on input line 134.
LaTeX Font Info:    Overwriting symbol font `pureletters' in version `bold'
(Font)                  T1/cmss/m/it --> T1/cmss/b/it on input line 134.
LaTeX Font Info:    Overwriting math alphabet `\mathrm' in version `bold'
(Font)                  OT1/cmss/b/n --> T1/cmr/b/n on input line 134.
LaTeX Font Info:    Overwriting math alphabet `\mathbf' in version `bold'
(Font)                  T1/cmss/b/n --> T1/cmss/b/n on input line 134.
LaTeX Font Info:    Overwriting math alphabet `\mathsf' in version `bold'
(Font)                  T1/cmss/m/n --> T1/cmss/b/n on input line 134.
LaTeX Font Info:    Overwriting math alphabet `\mathit' in version `bold'
(Font)                  T1/cmss/m/it --> T1/cmss/b/it on input line 134.
LaTeX Font Info:    Overwriting math alphabet `\mathtt' in version `bold'
(Font)                  T1/cmtt/m/n --> T1/cmtt/b/n on input line 134.
LaTeX Font Info:    Redeclaring symbol font `pureletters' on input line 134.
LaTeX Font Info:    Encoding `T1' has changed to `OT1' for symbol font
(Font)              `pureletters' in the math version `normal' on input line 13
4.
LaTeX Font Info:    Overwriting symbol font `pureletters' in version `normal'
(Font)                  T1/cmss/m/it --> OT1/mathkerncmss/m/sl on input line 13
4.
LaTeX Font Info:    Encoding `T1' has changed to `OT1' for symbol font
(Font)              `pureletters' in the math version `bold' on input line 134.

LaTeX Font Info:    Overwriting symbol font `pureletters' in version `bold'
(Font)                  T1/cmss/b/it --> OT1/mathkerncmss/m/sl on input line 13
4.
LaTeX Font Info:    Overwriting symbol font `pureletters' in version `bold'
(Font)                  OT1/mathkerncmss/m/sl --> OT1/mathkerncmss/bx/sl on inp
ut line 134.

(d:/Programmi e Applicazioni/texlive/2025/texmf-dist/tex/latex/translator/trans
lator-basic-dictionary-English.dict
Dictionary: translator-basic-dictionary, Language: English 
)
(d:/Programmi e Applicazioni/texlive/2025/texmf-dist/tex/latex/translator/trans
lator-bibliography-dictionary-English.dict
Dictionary: translator-bibliography-dictionary, Language: English 
)
(d:/Programmi e Applicazioni/texlive/2025/texmf-dist/tex/latex/translator/trans
lator-environment-dictionary-English.dict
Dictionary: translator-environment-dictionary, Language: English 
)
(d:/Programmi e Applicazioni/texlive/2025/texmf-dist/tex/latex/translator/trans
lator-months-dictionary-English.dict
Dictionary: translator-months-dictionary, Language: English 
)
(d:/Programmi e Applicazioni/texlive/2025/texmf-dist/tex/latex/translator/trans
lator-numbers-dictionary-English.dict
Dictionary: translator-numbers-dictionary, Language: English 
)
(d:/Programmi e Applicazioni/texlive/2025/texmf-dist/tex/latex/translator/trans
lator-theorem-dictionary-English.dict
Dictionary: translator-theorem-dictionary, Language: English 
)
LaTeX Info: Redefining \it@ocap on input line 134.
LaTeX Info: Redefining \it@ccap on input line 134.
LaTeX Info: Redefining \microtypecontext on input line 134.
Package microtype Info: Applying patch `item' on input line 134.
Package microtype Info: Applying patch `toc' on input line 134.
Package microtype Info: Applying patch `eqnum' on input line 134.
Package microtype Info: Applying patch `footnote' on input line 134.
Package microtype Info: Applying patch `verbatim' on input line 134.
LaTeX Info: Redefining \microtypesetup on input line 134.
Package microtype Info: Generating PDF output.
Package microtype Info: Character protrusion enabled (level 2).
Package microtype Info: Using default protrusion set `alltext'.
Package microtype Info: Automatic font expansion enabled (level 2),
(microtype)             stretch: 20, shrink: 20, step: 1, non-selected.
Package microtype Info: Using default expansion set `alltext-nott'.
LaTeX Info: Redefining \showhyphens on input line 134.
Package microtype Info: No adjustment of tracking.
Package microtype Info: No adjustment of interword spacing.
Package microtype Info: No adjustment of character kerning.
Package microtype Info: Loading generic protrusion settings for font family
(microtype)             `cmss' (encoding: T1).
(microtype)             For optimal results, create family-specific settings.
(microtype)             See the microtype manual for details.
Package caption Info: Begin \AtBeginDocument code.
Package caption Info: End \AtBeginDocument code.
 (./presentazione MA.nav)

[1

{d:/Programmi e Applicazioni/texlive/2025/texmf-var/fonts/map/pdftex/updmap/pdf
tex.map}{d:/Programmi e Applicazioni/texlive/2025/texmf-dist/fonts/enc/dvips/cm
-super/cm-super-t1.enc}] (./presentazione MA.toc)

[2

]
LaTeX Font Info:    Trying to load font information for U+fontawesomefree1 on i
nput line 153.

(d:/Programmi e Applicazioni/texlive/2025/texmf-dist/tex/latex/fontawesome5/ufo
ntawesomefree1.fd)

[3

{d:/Programmi e Applicazioni/texlive/2025/texmf-dist/fonts/enc/dvips/fontawesom
e5/fa5free1.enc}] (./presentazione MA.toc)

[4

] (./presentazione MA.toc)

[5

]

[6

] (./presentazione MA.toc)

[7

]

[8

]

[9

]

[10

 <d:/Programmi e Applicazioni/texlive/2025/texmf-dist/tex/latex/beamer/beameric
onarticle.pdf>]

[11

]
Package microtype Info: Loading generic protrusion settings for font family
(microtype)             `cmss' (encoding: OT1).
(microtype)             For optimal results, create family-specific settings.
(microtype)             See the microtype manual for details.
LaTeX Font Info:    Trying to load font information for U+msa on input line 193
.

(d:/Programmi e Applicazioni/texlive/2025/texmf-dist/tex/latex/amsfonts/umsa.fd
File: umsa.fd 2013/01/14 v3.01 AMS symbols A
)
(d:/Programmi e Applicazioni/texlive/2025/texmf-dist/tex/latex/microtype/mt-msa
.cfg
File: mt-msa.cfg 2006/02/04 v1.1 microtype config. file: AMS symbols (a) (RS)
)
LaTeX Font Info:    Trying to load font information for U+msb on input line 193
.

(d:/Programmi e Applicazioni/texlive/2025/texmf-dist/tex/latex/amsfonts/umsb.fd
File: umsb.fd 2013/01/14 v3.01 AMS symbols B
)
(d:/Programmi e Applicazioni/texlive/2025/texmf-dist/tex/latex/microtype/mt-msb
.cfg
File: mt-msb.cfg 2005/06/01 v1.0 microtype config. file: AMS symbols (b) (RS)
)
LaTeX Font Info:    Trying to load font information for U+rsfs on input line 19
3.

(d:/Programmi e Applicazioni/texlive/2025/texmf-dist/tex/latex/jknapltx/ursfs.f
d
File: ursfs.fd 1998/03/24 rsfs font definition file (jk)
)
LaTeX Font Info:    Trying to load font information for OT1+mathkerncmss on inp
ut line 193.

(d:/Programmi e Applicazioni/texlive/2025/texmf-dist/tex/latex/sansmathaccent/o
t1mathkerncmss.fd
File: ot1mathkerncmss.fd 2020/01/31 Fontinst v1.933 font definitions for OT1/ma
thkerncmss.
)
Package microtype Info: Loading generic protrusion settings for font family
(microtype)             `mathkerncmss' (encoding: OT1).
(microtype)             For optimal results, create family-specific settings.
(microtype)             See the microtype manual for details.


[12

]
\tf@nav=\write6
\openout6 = `"presentazione MA.nav"'.

\tf@toc=\write7
\openout7 = `"presentazione MA.toc"'.

\tf@snm=\write8
\openout8 = `"presentazione MA.snm"'.

 (./presentazione MA.aux)
 ***********
LaTeX2e <2024-11-01> patch level 2
L3 programming layer <2025-04-29>
 ***********
Package rerunfilecheck Info: File `"presentazione MA".out' has not changed.
(rerunfilecheck)             Checksum: B0581C1AB8D1F6D15B8FC7060FC78639;636.
 ) 
Here is how much of TeX's memory you used:
 39739 strings out of 469589
 826512 string characters out of 5461439
 1227181 words of memory out of 5000000
 65800 multiletter control sequences out of 15000+600000
 643246 words of font info for 101 fonts, out of 8000000 for 9000
 1141 hyphenation exceptions out of 8191
 128i,15n,123p,1015b,779s stack positions out of 10000i,1000n,20000p,200000b,200000s
<d:/Programmi e Applicazioni/texlive/2025/texmf-dist/fonts/type1/public/fonta
wesome5/FontAwesome5Free-Solid.pfb><d:/Programmi e Applicazioni/texlive/2025/te
xmf-dist/fonts/type1/public/cm-super/sfss0500.pfb><d:/Programmi e Applicazioni/
texlive/2025/texmf-dist/fonts/type1/public/cm-super/sfss0700.pfb><d:/Programmi 
e Applicazioni/texlive/2025/texmf-dist/fonts/type1/public/cm-super/sfss1000.pfb
><d:/Programmi e Applicazioni/texlive/2025/texmf-dist/fonts/type1/public/cm-sup
er/sfss1440.pfb><d:/Programmi e Applicazioni/texlive/2025/texmf-dist/fonts/type
1/public/cm-super/sfss2488.pfb><d:/Programmi e Applicazioni/texlive/2025/texmf-
dist/fonts/type1/public/cm-super/sfsx0800.pfb><d:/Programmi e Applicazioni/texl
ive/2025/texmf-dist/fonts/type1/public/cm-super/sfsx2488.pfb>
Output written on "presentazione MA.pdf" (12 pages, 138572 bytes).
PDF statistics:
 489 PDF objects out of 1000 (max. 8388607)
 422 compressed objects within 5 object streams
 34 named destinations out of 1000 (max. 500000)
 28311 words of extra memory for PDF output out of 29859 (max. 10000000)

